<?xml version="1.0" encoding="UTF-8"?>
<!-- Generated by org.testng.reporters.JUnitXMLReporter -->
<testsuite ignored="0" hostname="LAPTOP-GROT5U90" failures="0" tests="2" name="Default test" time="2.729" errors="0" timestamp="2025-04-05T12:53:19 IST">
  <testcase classname="pack.Base" name="@BeforeTest initialise" time="2.653">
    <failure type="org.openqa.selenium.SessionNotCreatedException" message="session not created: This version of ChromeDriver only supports Chrome version 133
Current browser version is 135.0.7049.42 with binary path C:\Program Files\Google\Chrome\Application\chrome.exe
Build info: version: &amp;apos;3.141.59&amp;apos;, revision: &amp;apos;e82be7d358&amp;apos;, time: &amp;apos;2018-11-14T08:25:48&amp;apos;
System info: host: &amp;apos;LAPTOP-GROT5U90&amp;apos;, ip: &amp;apos;192.168.1.3&amp;apos;, os.name: &amp;apos;Windows 10&amp;apos;, os.arch: &amp;apos;amd64&amp;apos;, os.version: &amp;apos;10.0&amp;apos;, java.version: &amp;apos;15.0.2&amp;apos;
Driver info: driver.version: ChromeDriver
remote stacktrace: 	GetHandleVerifier [0x00007FF6AC702EC5+28789]
	(No symbol) [0x00007FF6AC66F870]
	(No symbol) [0x00007FF6AC508F9A]
	(No symbol) [0x00007FF6AC54CDDB]
	(No symbol) [0x00007FF6AC54BE1B]
	(No symbol) [0x00007FF6AC5462C6]
	(No symbol) [0x00007FF6AC541556]
	(No symbol) [0x00007FF6AC59544B]
	(No symbol) [0x00007FF6AC594A20]
	(No symbol) [0x00007FF6AC586FF3]
	(No symbol) [0x00007FF6AC54FF0E]
	(No symbol) [0x00007FF6AC551193]
	GetHandleVerifier [0x00007FF6ACA4D5FD+3479469]
	GetHandleVerifier [0x00007FF6ACA671A3+3584851]
	GetHandleVerifier [0x00007FF6ACA5C44D+3540477]
	GetHandleVerifier [0x00007FF6AC7C8B6A+838938]
	(No symbol) [0x00007FF6AC67A4EF]
	(No symbol) [0x00007FF6AC676954]
	(No symbol) [0x00007FF6AC676AF6]
	(No symbol) [0x00007FF6AC666499]
	BaseThreadInitThunk [0x00007FFCD95FE8D7+23]
	RtlUserThreadStart [0x00007FFCDA6914FC+44]
">
      <![CDATA[org.openqa.selenium.SessionNotCreatedException: session not created: This version of ChromeDriver only supports Chrome version 133
Current browser version is 135.0.7049.42 with binary path C:\Program Files\Google\Chrome\Application\chrome.exe
Build info: version: '3.141.59', revision: 'e82be7d358', time: '2018-11-14T08:25:48'
System info: host: 'LAPTOP-GROT5U90', ip: '192.168.1.3', os.name: 'Windows 10', os.arch: 'amd64', os.version: '10.0', java.version: '15.0.2'
Driver info: driver.version: ChromeDriver
remote stacktrace: GetHandleVerifier [0x00007FF6AC702EC5+28789]
(No symbol) [0x00007FF6AC66F870]
(No symbol) [0x00007FF6AC508F9A]
(No symbol) [0x00007FF6AC54CDDB]
(No symbol) [0x00007FF6AC54BE1B]
(No symbol) [0x00007FF6AC5462C6]
(No symbol) [0x00007FF6AC541556]
(No symbol) [0x00007FF6AC59544B]
(No symbol) [0x00007FF6AC594A20]
(No symbol) [0x00007FF6AC586FF3]
(No symbol) [0x00007FF6AC54FF0E]
(No symbol) [0x00007FF6AC551193]
GetHandleVerifier [0x00007FF6ACA4D5FD+3479469]
GetHandleVerifier [0x00007FF6ACA671A3+3584851]
GetHandleVerifier [0x00007FF6ACA5C44D+3540477]
GetHandleVerifier [0x00007FF6AC7C8B6A+838938]
(No symbol) [0x00007FF6AC67A4EF]
(No symbol) [0x00007FF6AC676954]
(No symbol) [0x00007FF6AC676AF6]
(No symbol) [0x00007FF6AC666499]
BaseThreadInitThunk [0x00007FFCD95FE8D7+23]
RtlUserThreadStart [0x00007FFCDA6914FC+44]

at java.base/jdk.internal.reflect.NativeConstructorAccessorImpl.newInstance0(Native Method)
at java.base/jdk.internal.reflect.NativeConstructorAccessorImpl.newInstance(NativeConstructorAccessorImpl.java:64)
at java.base/jdk.internal.reflect.DelegatingConstructorAccessorImpl.newInstance(DelegatingConstructorAccessorImpl.java:45)
at java.base/java.lang.reflect.Constructor.newInstanceWithCaller(Constructor.java:500)
at java.base/java.lang.reflect.Constructor.newInstance(Constructor.java:481)
at org.openqa.selenium.remote.W3CHandshakeResponse.lambda$errorHandler$0(W3CHandshakeResponse.java:62)
at org.openqa.selenium.remote.HandshakeResponse.lambda$getResponseFunction$0(HandshakeResponse.java:30)
at org.openqa.selenium.remote.ProtocolHandshake.lambda$createSession$0(ProtocolHandshake.java:126)
at java.base/java.util.stream.ReferencePipeline$3$1.accept(ReferencePipeline.java:195)
at java.base/java.util.Spliterators$ArraySpliterator.tryAdvance(Spliterators.java:958)
at java.base/java.util.stream.ReferencePipeline.forEachWithCancel(ReferencePipeline.java:127)
at java.base/java.util.stream.AbstractPipeline.copyIntoWithCancel(AbstractPipeline.java:502)
at java.base/java.util.stream.AbstractPipeline.copyInto(AbstractPipeline.java:488)
at java.base/java.util.stream.AbstractPipeline.wrapAndCopyInto(AbstractPipeline.java:474)
at java.base/java.util.stream.FindOps$FindOp.evaluateSequential(FindOps.java:150)
at java.base/java.util.stream.AbstractPipeline.evaluate(AbstractPipeline.java:234)
at java.base/java.util.stream.ReferencePipeline.findFirst(ReferencePipeline.java:543)
at org.openqa.selenium.remote.ProtocolHandshake.createSession(ProtocolHandshake.java:128)
at org.openqa.selenium.remote.ProtocolHandshake.createSession(ProtocolHandshake.java:74)
at org.openqa.selenium.remote.HttpCommandExecutor.execute(HttpCommandExecutor.java:136)
at org.openqa.selenium.remote.service.DriverCommandExecutor.execute(DriverCommandExecutor.java:83)
at org.openqa.selenium.remote.RemoteWebDriver.execute(RemoteWebDriver.java:552)
at org.openqa.selenium.remote.RemoteWebDriver.startSession(RemoteWebDriver.java:213)
at org.openqa.selenium.remote.RemoteWebDriver.<init>(RemoteWebDriver.java:131)
at org.openqa.selenium.chrome.ChromeDriver.<init>(ChromeDriver.java:181)
at org.openqa.selenium.chrome.ChromeDriver.<init>(ChromeDriver.java:168)
at org.openqa.selenium.chrome.ChromeDriver.<init>(ChromeDriver.java:123)
at pack.Base.initialise(Base.java:15)
at java.base/jdk.internal.reflect.NativeMethodAccessorImpl.invoke0(Native Method)
at java.base/jdk.internal.reflect.NativeMethodAccessorImpl.invoke(NativeMethodAccessorImpl.java:64)
at java.base/jdk.internal.reflect.DelegatingMethodAccessorImpl.invoke(DelegatingMethodAccessorImpl.java:43)
at java.base/java.lang.reflect.Method.invoke(Method.java:564)
at org.testng.internal.MethodInvocationHelper.invokeMethod(MethodInvocationHelper.java:133)
at org.testng.internal.MethodInvocationHelper.invokeMethodConsideringTimeout(MethodInvocationHelper.java:62)
at org.testng.internal.ConfigInvoker.invokeConfigurationMethod(ConfigInvoker.java:385)
at org.testng.internal.ConfigInvoker.invokeConfigurations(ConfigInvoker.java:321)
at org.testng.TestRunner.invokeTestConfigurations(TestRunner.java:637)
at org.testng.TestRunner.beforeRun(TestRunner.java:627)
at org.testng.TestRunner.run(TestRunner.java:589)
at org.testng.SuiteRunner.runTest(SuiteRunner.java:377)
at org.testng.SuiteRunner.runSequentially(SuiteRunner.java:371)
at org.testng.SuiteRunner.privateRun(SuiteRunner.java:332)
at org.testng.SuiteRunner.run(SuiteRunner.java:276)
at org.testng.SuiteRunnerWorker.runSuite(SuiteRunnerWorker.java:53)
at org.testng.SuiteRunnerWorker.run(SuiteRunnerWorker.java:96)
at org.testng.TestNG.runSuitesSequentially(TestNG.java:1212)
at org.testng.TestNG.runSuitesLocally(TestNG.java:1134)
at org.testng.TestNG.runSuites(TestNG.java:1063)
at org.testng.TestNG.run(TestNG.java:1031)
at org.testng.remote.AbstractRemoteTestNG.run(AbstractRemoteTestNG.java:115)
at org.testng.remote.RemoteTestNG.initAndRun(RemoteTestNG.java:251)
at org.testng.remote.RemoteTestNG.main(RemoteTestNG.java:77)
]]>
    </failure>
  </testcase> <!-- @BeforeTest initialise -->
  <testcase classname="pack.LoginPage" name="Launch" time="0.0">
    <skipped/>
  </testcase> <!-- Launch -->
  <testcase classname="pack.LoginPage" name="Login" time="0.0">
    <skipped/>
  </testcase> <!-- Login -->
</testsuite> <!-- Default test -->
