<?xml version="1.0" encoding="UTF-8"?>
<!-- Generated by org.testng.reporters.JUnitXMLReporter -->
<testsuite ignored="8" hostname="Binsa" failures="0" tests="4" name="Test" time="85.348" errors="0" timestamp="2025-03-25T10:51:53 IST">
  <testcase classname="pack.LoginPage" name="launch" time="42.897"/>
  <testcase classname="pack.PimPage" name="navigateToAddEmployee" time="3.955"/>
  <testcase classname="pack.AddEmployeePage" name="createNewEmployee" time="19.695"/>
  <testcase classname="pack.ContactDetailsPage" name="Addcontact" time="13.409"/>
  <testcase classname="pack.Base" name="@BeforeTest initialise" time="0.0">
    <ignored/>
  </testcase> <!-- @BeforeTest initialise -->
  <testcase classname="pack.Base" name="@BeforeTest initialise" time="0.0">
    <ignored/>
  </testcase> <!-- @BeforeTest initialise -->
  <testcase classname="pack.Base" name="@BeforeTest initialise" time="0.0">
    <ignored/>
  </testcase> <!-- @BeforeTest initialise -->
  <testcase classname="pack.Base" name="@BeforeTest initialise" time="0.0">
    <ignored/>
  </testcase> <!-- @BeforeTest initialise -->
  <testcase classname="pack.Base" name="@AfterTest tearDown" time="0.0">
    <ignored/>
  </testcase> <!-- @AfterTest tearDown -->
  <testcase classname="pack.Base" name="@AfterTest tearDown" time="0.0">
    <ignored/>
  </testcase> <!-- @AfterTest tearDown -->
  <testcase classname="pack.Base" name="@AfterTest tearDown" time="0.0">
    <ignored/>
  </testcase> <!-- @AfterTest tearDown -->
  <testcase classname="pack.Base" name="@AfterTest tearDown" time="0.0">
    <ignored/>
  </testcase> <!-- @AfterTest tearDown -->
</testsuite> <!-- Test -->
