<?xml version="1.0" encoding="UTF-8"?>
<!-- Generated by org.testng.reporters.JUnitXMLReporter -->
<testsuite ignored="8" hostname="DESKTOP-R9UDS01" failures="0" tests="5" name="Test" time="20.189" errors="0" timestamp="2025-03-24T11:06:11 IST">
  <testcase classname="pack.LoginPage" name="Lauch" time="0.833"/>
  <testcase classname="pack.LoginPage" name="Login" time="2.266"/>
  <testcase classname="pack.PimPage" name="navigateToAddEmployeePage" time="6.036"/>
  <testcase classname="pack.AddEmployeePage" name="createNewEmployee" time="6.874"/>
  <testcase classname="pack.ContactDetailsPage" name="AddContactDetails" time="2.657"/>
  <testcase classname="pack.Base" name="@BeforeTest initialise" time="0.0">
    <ignored/>
  </testcase> <!-- @BeforeTest initialise -->
  <testcase classname="pack.Base" name="@BeforeTest initialise" time="0.0">
    <ignored/>
  </testcase> <!-- @BeforeTest initialise -->
  <testcase classname="pack.Base" name="@BeforeTest initialise" time="0.0">
    <ignored/>
  </testcase> <!-- @BeforeTest initialise -->
  <testcase classname="pack.Base" name="@BeforeTest initialise" time="0.0">
    <ignored/>
  </testcase> <!-- @BeforeTest initialise -->
  <testcase classname="pack.Base" name="@AfterSuite tearDown" time="0.0">
    <ignored/>
  </testcase> <!-- @AfterSuite tearDown -->
  <testcase classname="pack.Base" name="@AfterSuite tearDown" time="0.0">
    <ignored/>
  </testcase> <!-- @AfterSuite tearDown -->
  <testcase classname="pack.Base" name="@AfterSuite tearDown" time="0.0">
    <ignored/>
  </testcase> <!-- @AfterSuite tearDown -->
  <testcase classname="pack.Base" name="@AfterSuite tearDown" time="0.0">
    <ignored/>
  </testcase> <!-- @AfterSuite tearDown -->
</testsuite> <!-- Test -->
