<?xml version="1.0" encoding="UTF-8"?>
<testng-results ignored="0" total="1" passed="1" failed="0" skipped="0">
  <reporter-output>
  </reporter-output>
  <suite started-at="2025-01-13T10:05:48 IST" name="Default suite" finished-at="2025-01-13T10:05:48 IST" duration-ms="42">
    <groups>
    </groups>
    <test started-at="2025-01-13T10:05:48 IST" name="Default test" finished-at="2025-01-13T10:05:48 IST" duration-ms="42">
      <class name="pack.gittest">
        <test-method signature="f()[pri:0, instance:pack.gittest@56de5251]" started-at="2025-01-13T10:05:48 IST" name="f" finished-at="2025-01-13T10:05:48 IST" duration-ms="9" status="PASS">
          <reporter-output>
          </reporter-output>
        </test-method> <!-- f -->
      </class> <!-- pack.gittest -->
    </test> <!-- Default test -->
  </suite> <!-- Default suite -->
</testng-results>
